Arguments: 
  /usr/local/bin/node /usr/local/bin/yarn owner rm marknotton on-page-marknotton

PATH: 
  /usr/local/bin:/usr/bin:/bin:/usr/sbin:/sbin

Yarn version: 
  0.24.5

Node version: 
  6.8.1

Platform: 
  darwin x64

npm manifest: 
  {
    "name": "on-page-marknotton",
    "version": "1.0.3",
    "description": "Check if a given element exists on the page. Perform callbacks for both true or false and add delays on those callbacks.",
    "main": "on-page.js",
    "repository": "https://github.com/marknotton/on-page",
    "author": "Mark Notton <mark@marknotton.uk>",
    "license": "MIT"
  }

yarn manifest: 
  No manifest

Lockfile: 
  No lockfile

Trace: 
  Error: https://registry.yarnpkg.com/on-page-marknotton/-rev/undefined: "Cannot read property 'charAt' of undefined"
      at Request.params.callback [as _callback] (/usr/local/Cellar/yarn/0.24.5/libexec/lib/yarn-cli.js:56242:18)
      at Request.self.callback (/usr/local/Cellar/yarn/0.24.5/libexec/lib/yarn-cli.js:107837:22)
      at emitTwo (events.js:106:13)
      at Request.emit (events.js:191:7)
      at Request.<anonymous> (/usr/local/Cellar/yarn/0.24.5/libexec/lib/yarn-cli.js:108820:10)
      at emitOne (events.js:96:13)
      at Request.emit (events.js:188:7)
      at IncomingMessage.<anonymous> (/usr/local/Cellar/yarn/0.24.5/libexec/lib/yarn-cli.js:108740:12)
      at IncomingMessage.g (events.js:291:16)
      at emitNone (events.js:91:20)
